Flutter crash report; please file at https://github.com/flutter/flutter/issues.

## command

flutter build bundle --suppress-analytics --target C:\Users\kenneth\Documents\GitHub\LessonTime\lessontime\lib/main.dart --preview-dart-2 --depfile C:\Users\kenneth\Documents\GitHub\LessonTime\lessontime\build\app\intermediates\flutter\debug/snapshot_blob.bin.d --asset-dir C:\Users\kenneth\Documents\GitHub\LessonTime\lessontime\build\app\intermediates\flutter\debug/flutter_assets

## exception

RangeError: RangeError (index): Invalid value: Only valid value is 0: 1

```
#0      List.[] (dart:core-patch/dart:core/growable_array.dart:141)
#1      readDepfile (package:flutter_tools/src/base/fingerprint.dart:174)
<asynchronous suspension>
#2      Fingerprinter._getPaths (package:flutter_tools/src/base/fingerprint.dart:88)
<asynchronous suspension>
#3      Fingerprinter.doesFingerprintMatch (package:flutter_tools/src/base/fingerprint.dart:60)
<asynchronous suspension>
#4      KernelCompiler.compile (package:flutter_tools/src/compile.dart:104)
<asynchronous suspension>
#5      build (package:flutter_tools/src/bundle.dart:74)
<asynchronous suspension>
#6      BuildBundleCommand.runCommand (package:flutter_tools/src/commands/build_bundle.dart:67)
<asynchronous suspension>
#7      FlutterCommand.verifyThenRunCommand (package:flutter_tools/src/runner/flutter_command.dart:344)
<asynchronous suspension>
#8      FlutterCommand.run.<anonymous closure> (package:flutter_tools/src/runner/flutter_command.dart:279)
<asynchronous suspension>
#9      AppContext.run.<anonymous closure> (package:flutter_tools/src/base/context.dart:142)
<asynchronous suspension>
#10     _rootRun (dart:async/zone.dart:1126)
#11     _CustomZone.run (dart:async/zone.dart:1023)
#12     runZoned (dart:async/zone.dart:1501)
#13     AppContext.run (package:flutter_tools/src/base/context.dart:141)
<asynchronous suspension>
#14     FlutterCommand.run (package:flutter_tools/src/runner/flutter_command.dart:270)
#15     CommandRunner.runCommand (package:args/command_runner.dart:194)
<asynchronous suspension>
#16     FlutterCommandRunner.runCommand.<anonymous closure> (package:flutter_tools/src/runner/flutter_command_runner.dart:309)
<asynchronous suspension>
#17     AppContext.run.<anonymous closure> (package:flutter_tools/src/base/context.dart:142)
<asynchronous suspension>
#18     _rootRun (dart:async/zone.dart:1126)
#19     _CustomZone.run (dart:async/zone.dart:1023)
#20     runZoned (dart:async/zone.dart:1501)
#21     AppContext.run (package:flutter_tools/src/base/context.dart:141)
<asynchronous suspension>
#22     FlutterCommandRunner.runCommand (package:flutter_tools/src/runner/flutter_command_runner.dart:265)
<asynchronous suspension>
#23     CommandRunner.run.<anonymous closure> (package:args/command_runner.dart:109)
#24     new Future.sync (dart:async/future.dart:222)
#25     CommandRunner.run (package:args/command_runner.dart:109)
#26     FlutterCommandRunner.run (package:flutter_tools/src/runner/flutter_command_runner.dart:174)
#27     run.<anonymous closure> (package:flutter_tools/runner.dart:54)
<asynchronous suspension>
#28     AppContext.run.<anonymous closure> (package:flutter_tools/src/base/context.dart:142)
<asynchronous suspension>
#29     _rootRun (dart:async/zone.dart:1126)
#30     _CustomZone.run (dart:async/zone.dart:1023)
#31     runZoned (dart:async/zone.dart:1501)
#32     AppContext.run (package:flutter_tools/src/base/context.dart:141)
<asynchronous suspension>
#33     runInContext (package:flutter_tools/src/context_runner.dart:43)
<asynchronous suspension>
#34     run (package:flutter_tools/runner.dart:49)
#35     main (package:flutter_tools/executable.dart:49)
<asynchronous suspension>
#36     main (file:///E:/b/build/slave/Windows_Flutter_Packaging/build/archive/flutter/packages/flutter_tools/bin/flutter_tools.dart:8)
#37     _startIsolate.<anonymous closure> (dart:isolate-patch/dart:isolate/isolate_patch.dart:277)
#38     _RawReceivePortImpl._handleMessage (dart:isolate-patch/dart:isolate/isolate_patch.dart:165)
```

## flutter doctor

```
[✓] Flutter (Channel beta, v0.4.4, on Microsoft Windows [Version 10.0.17134.112], locale en-US)
    • Flutter version 0.4.4 at C:\flutter
    • Framework revision f9bb4289e9 (5 weeks ago), 2018-05-11 21:44:54 -0700
    • Engine revision 06afdfe54e
    • Dart version 2.0.0-dev.54.0.flutter-46ab040e58

[✓] Android toolchain - develop for Android devices (Android SDK 28.0.0-rc1)
    • Android SDK at C:\Users\kenneth\AppData\Local\Android\sdk
    • Android NDK location not configured (optional; useful for native profiling support)
    • Platform android-27, build-tools 28.0.0-rc1
    • Java binary at: C:\Program Files\Android\Android Studio1\jre\bin\java
    • Java version OpenJDK Runtime Environment (build 1.8.0_152-release-1024-b02)
    • All Android licenses accepted.

[!] Android Studio (version 2.3)
    • Android Studio at C:\Program Files\Android\Android Studio
    ✗ Flutter plugin version 12.1 - the recommended minimum version is 16.0.0
    • Dart plugin version 162.2924
    ✗ Unable to find bundled Java version.
    • Try updating or re-installing Android Studio.

[✓] Android Studio (version 3.1)
    • Android Studio at C:\Program Files\Android\Android Studio1
    • Flutter plugin version 25.0.1
    • Dart plugin version 173.4700
    • Java version OpenJDK Runtime Environment (build 1.8.0_152-release-1024-b02)

[✓] Connected devices (1 available)
    • SM N950F • 192.168.0.103:5555 • android-arm64 • Android 8.0.0 (API 26)

! Doctor found issues in 1 category.
```
